[16:54:19][SquidAPI][WARN]: Source file name doesn't match the normal file naming pattern! This is commonly done by repost sites to hide outdated versions. See http://stopmodreposts.com.
[16:54:19][SquidAPI][INFO]: Registering BaseMod SquidAPI.
[16:54:19][SquidAPI][INFO]: Copyright (C) CoolSquid, 2015. Do not distribute without explicit, written permission from the copyright holder.
[16:54:19][SquidAPI][INFO]: Loading SquidAPI.cfg.
[16:54:19][SquidAPI][INFO]: Finished loading SquidAPI.cfg.
[16:54:19][SquidAPI][INFO]: Registering BaseMod CustomCrashReports.
[16:54:19][SquidAPI][INFO]: Copyright (C) , 2015. Do not distribute without explicit, written permission from the copyright holder.
[16:54:24][SquidAPI][WARN]: Source file name doesn't match the normal file naming pattern! This is commonly done by repost sites to hide outdated versions. See http://stopmodreposts.com.
[16:54:24][SquidAPI][INFO]: Registering BaseMod PackGuard.
[16:54:24][SquidAPI][INFO]: Copyright (C) , 2015. Do not distribute without explicit, written permission from the copyright holder.
[16:54:38][SquidAPI][INFO]: Preinitializing.
[16:54:38][SquidAPI][INFO]: Finished preinitialization.
[16:54:53][SquidAPI][INFO]: Loading PackGuard.cfg.
[16:54:53][SquidAPI][INFO]: Finished loading PackGuard.cfg.
[16:55:12][SquidAPI][INFO]: Initializing.
[16:55:12][SquidAPI][INFO]: Finished initialization.
[16:55:24][SquidAPI][INFO]: Postinitializing.
[16:55:24][SquidAPI][INFO]: Finished postinitialization.
[16:55:36][SquidAPI][INFO]: Registering clientside command about.
[16:55:36][SquidAPI][INFO]: Registering clientside command SquidAPI.
